<?xml version="1.0" encoding="UTF-8"?>
<!-- Generated by org.testng.reporters.JUnitReportReporter -->
<testsuite hostname="AKPW46ZLPC1265" failures="0" tests="1" name="testRunner.TestRunner" time="49.997" errors="0" timestamp="2024-09-18T14:54:05 IST" skipped="0">
  <testcase classname="testRunner.TestRunner" name="runScenario" time="49.997"/>
</testsuite> <!-- testRunner.TestRunner -->
